0 info it worked if it ends with ok
1 verbose cli [ '/Users/onekiloparsec/.nvm/versions/node/v6.11.1/bin/node',
1 verbose cli   '/Users/onekiloparsec/.nvm/versions/node/v6.11.1/bin/npm',
1 verbose cli   'run',
1 verbose cli   'publish' ]
2 info using npm@3.10.10
3 info using node@v6.11.1
4 verbose run-script [ 'prepublish', 'publish', 'postpublish' ]
5 info lifecycle electron-updater-example@0.5.0~prepublish: electron-updater-example@0.5.0
6 silly lifecycle electron-updater-example@0.5.0~prepublish: no script for prepublish, continuing
7 info lifecycle electron-updater-example@0.5.0~publish: electron-updater-example@0.5.0
8 verbose lifecycle electron-updater-example@0.5.0~publish: unsafe-perm in lifecycle true
9 verbose lifecycle electron-updater-example@0.5.0~publish: PATH: /Users/onekiloparsec/.nvm/versions/node/v6.11.1/lib/node_modules/npm/bin/node-gyp-bin:/Users/onekiloparsec/github/electron-updater-example/node_modules/.bin:/Users/onekiloparsec/.nvm/versions/node/v6.11.1/bin:/Users/onekiloparsec/.rbenv/shims:/usr/local/heroku/bin:/Users/onekiloparsec/.rvm/gems/ruby-2.0.0-p195/bin:/Users/onekiloparsec/.rvm/gems/ruby-2.0.0-p195@global/bin:/Users/onekiloparsec/.rvm/rubies/ruby-2.0.0-p195/bin:/Users/onekiloparsec/.rvm/bin:/usr/local/bin:/usr/bin:/bin:/usr/sbin:/sbin:/usr/local/MacGPG2/bin:/opt/X11/bin:/Library/Frameworks/Mono.framework/Versions/Current/Commands:/usr/local/sbin:/Users/onekiloparsec/bin:/Applications/Postgres.app/Contents/Versions/9.3/bin
10 verbose lifecycle electron-updater-example@0.5.0~publish: CWD: /Users/onekiloparsec/github/electron-updater-example
11 silly lifecycle electron-updater-example@0.5.0~publish: Args: [ '-c', 'npm run build --mac --win -p always' ]
12 silly lifecycle electron-updater-example@0.5.0~publish: Returned: code: 1  signal: null
13 info lifecycle electron-updater-example@0.5.0~publish: Failed to exec publish script
14 verbose stack Error: electron-updater-example@0.5.0 publish: `npm run build --mac --win -p always`
14 verbose stack Exit status 1
14 verbose stack     at EventEmitter.<anonymous> (/Users/onekiloparsec/.nvm/versions/node/v6.11.1/lib/node_modules/npm/lib/utils/lifecycle.js:255:16)
14 verbose stack     at emitTwo (events.js:106:13)
14 verbose stack     at EventEmitter.emit (events.js:191:7)
14 verbose stack     at ChildProcess.<anonymous> (/Users/onekiloparsec/.nvm/versions/node/v6.11.1/lib/node_modules/npm/lib/utils/spawn.js:40:14)
14 verbose stack     at emitTwo (events.js:106:13)
14 verbose stack     at ChildProcess.emit (events.js:191:7)
14 verbose stack     at maybeClose (internal/child_process.js:891:16)
14 verbose stack     at Process.ChildProcess._handle.onexit (internal/child_process.js:226:5)
15 verbose pkgid electron-updater-example@0.5.0
16 verbose cwd /Users/onekiloparsec/github/electron-updater-example
17 error Darwin 17.3.0
18 error argv "/Users/onekiloparsec/.nvm/versions/node/v6.11.1/bin/node" "/Users/onekiloparsec/.nvm/versions/node/v6.11.1/bin/npm" "run" "publish"
19 error node v6.11.1
20 error npm  v3.10.10
21 error code ELIFECYCLE
22 error electron-updater-example@0.5.0 publish: `npm run build --mac --win -p always`
22 error Exit status 1
23 error Failed at the electron-updater-example@0.5.0 publish script 'npm run build --mac --win -p always'.
23 error Make sure you have the latest version of node.js and npm installed.
23 error If you do, this is most likely a problem with the electron-updater-example package,
23 error not with npm itself.
23 error Tell the author that this fails on your system:
23 error     npm run build --mac --win -p always
23 error You can get information on how to open an issue for this project with:
23 error     npm bugs electron-updater-example
23 error Or if that isn't available, you can get their info via:
23 error     npm owner ls electron-updater-example
23 error There is likely additional logging output above.
24 verbose exit [ 1, true ]
